17/10/2020 09.55.09	This log contains information about the import schema operation into project 'SQLDB' on computer 'JUSTBLAPTOP' by user 'JustBlindbaek'.
17/10/2020 09.55.09	Import of database schema has started.
17/10/2020 09.55.12	Gathering logins
17/10/2020 09.55.19	Gathering database credentials
17/10/2020 09.55.19	Gathering database options
17/10/2020 09.55.19	Gathering generic database scoped configuration option
17/10/2020 09.55.19	Gathering users
17/10/2020 09.55.19	Gathering roles
17/10/2020 09.55.19	Gathering application roles
17/10/2020 09.55.19	Gathering role memberships
17/10/2020 09.55.19	Gathering filegroups
17/10/2020 09.55.19	Gathering full-text catalogs
17/10/2020 09.55.19	Gathering assemblies
17/10/2020 09.55.19	Gathering certificates
17/10/2020 09.55.19	Gathering symmetric keys
17/10/2020 09.55.19	Gathering encrypted symmetric keys
17/10/2020 09.55.19	Gathering schemas
17/10/2020 09.55.19	Gathering XML schema collections
17/10/2020 09.55.19	Gathering user-defined data types
17/10/2020 09.55.19	Gathering user-defined types
17/10/2020 09.55.19	Gathering table types
17/10/2020 09.55.19	Gathering unique keys for table types
17/10/2020 09.55.19	Gathering primary keys for table types
17/10/2020 09.55.19	Gathering indexes for table types
17/10/2020 09.55.19	Gathering check constraints for table types
17/10/2020 09.55.19	Gathering default constraints for table types
17/10/2020 09.55.19	Gathering partition functions
17/10/2020 09.55.19	Gathering partition schemes
17/10/2020 09.55.19	Gathering functions
17/10/2020 09.55.19	Gathering encrypted functions
17/10/2020 09.55.19	Gathering aggregates
17/10/2020 09.55.19	Gathering procedures
17/10/2020 09.55.19	Gathering encrypted procedures
17/10/2020 09.55.19	Gathering tables
17/10/2020 09.55.20	Gathering primary keys
17/10/2020 09.55.20	Gathering unique constraints
17/10/2020 09.55.20	Gathering foreign keys
17/10/2020 09.55.20	Gathering default constraints
17/10/2020 09.55.20	Gathering check constraints
17/10/2020 09.55.20	Gathering views
17/10/2020 09.55.20	Gathering encrypted views
17/10/2020 09.55.20	Gathering indexes
17/10/2020 09.55.20	Gathering statistics
17/10/2020 09.55.20	Gathering full-text index stoplists
17/10/2020 09.55.20	Gathering search property lists
17/10/2020 09.55.20	Gathering search properties
17/10/2020 09.55.20	Gathering full-text indexes
17/10/2020 09.55.20	Gathering column store indexes
17/10/2020 09.55.20	Gathering spatial indexes
17/10/2020 09.55.20	Gathering XML indexes
17/10/2020 09.55.20	Gathering Selective XML indexes
17/10/2020 09.55.20	Gathering encrypted triggers
17/10/2020 09.55.20	Gathering triggers
17/10/2020 09.55.20	Gathering encrypted and clr ddl triggers
17/10/2020 09.55.20	Gathering ddl triggers
17/10/2020 09.55.20	Creating edge constraints
17/10/2020 09.55.20	Gathering synonyms
17/10/2020 09.55.20	Gathering defaults
17/10/2020 09.55.20	Gathering data constraint uddt bindings
17/10/2020 09.55.20	Gathering rules
17/10/2020 09.55.20	Gathering data constraint uddt bindings
17/10/2020 09.55.20	Gathering message types
17/10/2020 09.55.20	Gathering queues
17/10/2020 09.55.20	Gathering contracts
17/10/2020 09.55.20	Gathering services
17/10/2020 09.55.20	Gathering event notifications
17/10/2020 09.55.20	Gathering remote service bindings
17/10/2020 09.55.20	Gathering broker priorities
17/10/2020 09.55.20	Gathering signatures
17/10/2020 09.55.20	Gathering data compression options
17/10/2020 09.55.20	Gathering sequence types
17/10/2020 09.55.20	Gathering security policies
17/10/2020 09.55.20	Gather column encryption keys
17/10/2020 09.55.20	Gathering column master keys
17/10/2020 09.55.20	Gathering external data sources
17/10/2020 09.55.20	Gathering external tables
17/10/2020 09.55.20	Gathering extended properties
17/10/2020 09.55.21	Gathering logins
17/10/2020 09.55.23	Scanning project for duplicate elements
17/10/2020 09.55.23	Finished duplicate element processing
17/10/2020 09.55.25	Finished importing database.
17/10/2020 09.55.25	A summary of the import was saved to the following location: C:\OneDrive\OneDrive - justb.dk\GitHub\TraditionalModernDW\SQLDB\Import Schema Logs\SQLDB_20201017075509.log
17/10/2020 09.55.25	Click Finish to continue...
